<?xml version="1.0" encoding="UTF-8"?>
<testsuite name="ComputerRepairRequestTest" tests="2" skipped="0" failures="0" errors="0" timestamp="2025-03-04T07:28:49" hostname="marius-LOQ-15IRH8" time="0.021">
  <properties/>
  <testcase name="Test Constructor" classname="ComputerRepairRequestTest" time="0.017"/>
  <testcase name="Test Default Constructor" classname="ComputerRepairRequestTest" time="0.001"/>
  <system-out><![CDATA[]]></system-out>
  <system-err><![CDATA[]]></system-err>
</testsuite>
